<?xml version="1.0" encoding="utf-8"?><testsuites name="pytest tests"><testsuite name="pytest" errors="0" failures="0" skipped="0" tests="4" time="48.225" timestamp="2026-08-20T20:25:38.226011+00:00" hostname="agent-env-e244beba-3b5a-4810-9b19-a0f4c20132c7"><testcase classname="tests.test_new_features.TestBulk" name="test_bulk_assign" time="1.453" /><testcase classname="tests.test_new_features.TestBulk" name="test_bulk_campaign" time="0.339" /><testcase classname="tests.test_new_features.TestBulk" name="test_bulk_research_capped" time="45.172" /><testcase classname="tests.test_new_features.TestBulk" name="test_bulk_delete" time="0.690" /></testsuite></testsuites>