<?xml version="1.0" encoding="utf-8"?><testsuites name="pytest tests"><testsuite name="pytest" errors="0" failures="0" skipped="1" tests="46" time="91.559" timestamp="2026-08-20T20:15:43.246523+00:00" hostname="agent-env-e244beba-3b5a-4810-9b19-a0f4c20132c7"><testcase classname="tests.backend_test.TestAuth" name="test_login_success" time="0.635" /><testcase classname="tests.backend_test.TestLeads" name="test_list_leads_seeded" time="0.685" /><testcase classname="tests.backend_test.TestAuth" name="test_login_bad_password" time="0.291" /><testcase classname="tests.backend_test.TestLeads" name="test_filter_by_category" time="0.255" /><testcase classname="tests.backend_test.TestAuth" name="test_me_requires_auth" time="0.130" /><testcase classname="tests.backend_test.TestLeads" name="test_filter_by_pipeline_status" time="0.077" /><testcase classname="tests.backend_test.TestLeads" name="test_filter_by_conversion" time="0.085" /><testcase classname="tests.backend_test.TestLeads" name="test_lead_finder_live_osm" time="0.378" /><testcase classname="tests.backend_test.TestAuth" name="test_me_authed" time="0.463" /><testcase classname="tests.backend_test.TestLeads" name="test_lead_finder_clinic_delhi_live" time="0.137" /><testcase classname="tests.backend_test.TestLeads" name="test_lead_finder_no_results_on_obscure" time="6.161" /><testcase classname="tests.backend_test.TestAI" name="test_research_claude" time="39.751" /><testcase classname="tests.backend_test.TestLeads" name="test_import_found_leads" time="0.334" /><testcase classname="tests.backend_test.TestLeads" name="test_create_get_update_delete_lead" time="0.598" /><testcase classname="tests.backend_test.TestMeta" name="test_team" time="0.078" /><testcase classname="tests.backend_test.TestMeta" name="test_analytics" time="0.074" /><testcase classname="tests.backend_test.TestMeta" name="test_integrations" time="0.078" /><testcase classname="tests.backend_test.TestMeta" name="test_search" time="0.076" /><testcase classname="tests.test_new_features.TestBulk" name="test_bulk_assign" time="0.613" /><testcase classname="tests.test_new_features.TestBulk" name="test_bulk_campaign" time="0.339" /><testcase classname="tests.test_new_features.TestBulk" name="test_bulk_research_capped" time="0.396"><skipped type="pytest.xfail" message="CRITICAL route-ordering bug: POST /leads/bulk/research is captured by POST /leads/{lead_id}/research → 404. See test report." /></testcase><testcase classname="tests.test_new_features.TestBulk" name="test_bulk_delete" time="0.671" /><testcase classname="tests.backend_test.TestVerifiedFacts" name="test_research_with_website_captures_signals" time="37.100" /><testcase classname="tests.backend_test.TestAI" name="test_outreach_whatsapp" time="7.467" /><testcase classname="tests.backend_test.TestVerifiedFacts" name="test_research_never_fabricates_missing_contact" time="42.026" /><testcase classname="tests.backend_test.TestAI" name="test_outreach_email" time="13.760" /><testcase classname="tests.backend_test.TestAI" name="test_outreach_linkedin" time="6.995" /><testcase classname="tests.backend_test.TestCSV" name="test_export_csv" time="0.090" /><testcase classname="tests.backend_test.TestCSV" name="test_import_csv" time="0.295" /><testcase classname="tests.test_new_features.TestImportDedup" name="test_finder_import_dedup_same_batch" time="0.336" /><testcase classname="tests.test_new_features.TestImportDedup" name="test_csv_import_dedup" time="0.307" /><testcase classname="tests.test_new_features.TestRecheckWebsite" name="test_recheck_no_website" time="0.221" /><testcase classname="tests.test_new_features.TestRecheckWebsite" name="test_recheck_with_real_website" time="0.395" /><testcase classname="tests.test_new_features.TestDashboardFollowups" name="test_dashboard_followup_fields" time="0.091" /><testcase classname="tests.test_new_features.TestDashboardFollowups" name="test_upcoming_shows_leads_within_7_days" time="0.490" /><testcase classname="tests.backend_test.TestDashboard" name="test_dashboard_shape" time="0.088" /><testcase classname="tests.backend_test.TestClients" name="test_crud" time="0.333" /><testcase classname="tests.backend_test.TestProjects" name="test_list_and_detail" time="0.228" /><testcase classname="tests.backend_test.TestTasks" name="test_crud" time="0.274" /><testcase classname="tests.backend_test" name="test_zzz_cleanup" time="0.650" /><testcase classname="tests.test_new_features.TestNotesTimeline" name="test_note_creates_activity" time="0.346" /><testcase classname="tests.test_new_features.TestSavedSearches" name="test_crud" time="0.279" /><testcase classname="tests.test_new_features.TestOutreachRoutes" name="test_lead_carries_phone_and_email_when_present" time="0.210" /><testcase classname="tests.test_new_features" name="test_zzz_cleanup_new_features" time="0.150" /><testcase classname="tests.backend_test.TestCampaigns" name="test_list_with_stats" time="0.093" /><testcase classname="tests.backend_test.TestCampaigns" name="test_create_get_detail_add_remove" time="0.631" /></testsuite></testsuites>