<?xml version="1.0" encoding="utf-8"?><testsuites name="pytest tests"><testsuite name="pytest" errors="0" failures="2" skipped="0" tests="14" time="5.047" timestamp="2026-08-20T20:12:01.660773+00:00" hostname="agent-env-e244beba-3b5a-4810-9b19-a0f4c20132c7"><testcase classname="tests.test_new_features.TestImportDedup" name="test_finder_import_dedup_same_batch" time="1.895" /><testcase classname="tests.test_new_features.TestBulk" name="test_bulk_assign" time="1.519" /><testcase classname="tests.test_new_features.TestBulk" name="test_bulk_campaign" time="0.431" /><testcase classname="tests.test_new_features.TestImportDedup" name="test_csv_import_dedup" time="0.407" /><testcase classname="tests.test_new_features.TestBulk" name="test_bulk_research_capped" time="0.451"><failure message="AssertionError: {&quot;detail&quot;:&quot;Lead not found&quot;}&#10;assert 404 == 200&#10; +  where 404 = &lt;Response [404]&gt;.status_code">tests/test_new_features.py:195: in test_bulk_research_capped
    assert r.status_code == 200, r.text
E   AssertionError: {"detail":"Lead not found"}
E   assert 404 == 200
E    +  where 404 = &lt;Response [404]&gt;.status_code</failure></testcase><testcase classname="tests.test_new_features.TestRecheckWebsite" name="test_recheck_no_website" time="0.322" /><testcase classname="tests.test_new_features.TestBulk" name="test_bulk_delete" time="0.865" /><testcase classname="tests.test_new_features.TestRecheckWebsite" name="test_recheck_with_real_website" time="0.512" /><testcase classname="tests.test_new_features.TestNotesTimeline" name="test_note_creates_activity" time="0.477" /><testcase classname="tests.test_new_features.TestDashboardFollowups" name="test_dashboard_followup_fields" time="0.100" /><testcase classname="tests.test_new_features.TestDashboardFollowups" name="test_upcoming_shows_leads_within_7_days" time="0.497"><failure message="AssertionError: overdue lead missing from due list&#10;assert False&#10; +  where False = any(&lt;generator object TestDashboardFollowups.test_upcoming_shows_leads_within_7_days.&lt;locals&gt;.&lt;genexpr&gt; at 0xfb8dd6dd2ce0&gt;)">tests/test_new_features.py:285: in test_upcoming_shows_leads_within_7_days
    assert any(l["id"] == lid2 for l in d["followups_due"]), "overdue lead missing from due list"
E   AssertionError: overdue lead missing from due list
E   assert False
E    +  where False = any(&lt;generator object TestDashboardFollowups.test_upcoming_shows_leads_within_7_days.&lt;locals&gt;.&lt;genexpr&gt; at 0xfb8dd6dd2ce0&gt;)</failure></testcase><testcase classname="tests.test_new_features.TestSavedSearches" name="test_crud" time="0.342" /><testcase classname="tests.test_new_features" name="test_zzz_cleanup_new_features" time="0.598" /><testcase classname="tests.test_new_features.TestOutreachRoutes" name="test_lead_carries_phone_and_email_when_present" time="0.369" /></testsuite></testsuites>