<?xml version="1.0" encoding="utf-8"?><testsuites name="pytest tests"><testsuite name="pytest" errors="0" failures="0" skipped="0" tests="32" time="84.539" timestamp="2026-08-20T19:21:35.766489+00:00" hostname="agent-env-e244beba-3b5a-4810-9b19-a0f4c20132c7"><testcase classname="tests.backend_test.TestAuth" name="test_login_success" time="0.748" /><testcase classname="tests.backend_test.TestLeads" name="test_list_leads_seeded" time="0.776" /><testcase classname="tests.backend_test.TestAuth" name="test_login_bad_password" time="0.302" /><testcase classname="tests.backend_test.TestLeads" name="test_filter_by_category" time="0.282" /><testcase classname="tests.backend_test.TestAuth" name="test_me_requires_auth" time="0.143" /><testcase classname="tests.backend_test.TestLeads" name="test_filter_by_pipeline_status" time="0.071" /><testcase classname="tests.backend_test.TestLeads" name="test_filter_by_conversion" time="0.070" /><testcase classname="tests.backend_test.TestLeads" name="test_lead_finder_live_osm" time="0.569" /><testcase classname="tests.backend_test.TestAuth" name="test_me_authed" time="0.386" /><testcase classname="tests.backend_test.TestAI" name="test_research_claude" time="32.882" /><testcase classname="tests.backend_test.TestLeads" name="test_lead_finder_clinic_delhi_live" time="0.163" /><testcase classname="tests.backend_test.TestLeads" name="test_lead_finder_fallback_on_obscure" time="0.127" /><testcase classname="tests.backend_test.TestLeads" name="test_import_found_leads" time="1.200" /><testcase classname="tests.backend_test.TestLeads" name="test_create_get_update_delete_lead" time="0.521" /><testcase classname="tests.backend_test.TestMeta" name="test_team" time="0.094" /><testcase classname="tests.backend_test.TestMeta" name="test_analytics" time="0.135" /><testcase classname="tests.backend_test.TestMeta" name="test_integrations" time="0.057" /><testcase classname="tests.backend_test.TestMeta" name="test_search" time="0.071" /><testcase classname="tests.backend_test.TestVerifiedFacts" name="test_research_with_website_captures_signals" time="41.996" /><testcase classname="tests.backend_test.TestAI" name="test_outreach_whatsapp" time="4.288" /><testcase classname="tests.backend_test.TestAI" name="test_outreach_email" time="6.738" /><testcase classname="tests.backend_test.TestAI" name="test_outreach_linkedin" time="5.367" /><testcase classname="tests.backend_test.TestVerifiedFacts" name="test_research_never_fabricates_missing_contact" time="37.073" /><testcase classname="tests.backend_test.TestCSV" name="test_export_csv" time="0.114" /><testcase classname="tests.backend_test.TestCSV" name="test_import_csv" time="0.292" /><testcase classname="tests.backend_test.TestDashboard" name="test_dashboard_shape" time="0.082" /><testcase classname="tests.backend_test.TestClients" name="test_crud" time="0.335" /><testcase classname="tests.backend_test.TestProjects" name="test_list_and_detail" time="0.144" /><testcase classname="tests.backend_test.TestTasks" name="test_crud" time="0.313" /><testcase classname="tests.backend_test" name="test_zzz_cleanup" time="0.645" /><testcase classname="tests.backend_test.TestCampaigns" name="test_list_with_stats" time="0.096" /><testcase classname="tests.backend_test.TestCampaigns" name="test_create_get_detail_add_remove" time="0.581" /></testsuite></testsuites>