<?xml version="1.0" encoding="utf-8"?><testsuites name="pytest tests"><testsuite name="pytest" errors="0" failures="2" skipped="0" tests="28" time="48.111" timestamp="2026-08-20T18:35:45.935542+00:00" hostname="agent-env-e244beba-3b5a-4810-9b19-a0f4c20132c7"><testcase classname="tests.backend_test.TestAuth" name="test_login_success" time="2.682" /><testcase classname="tests.backend_test.TestAuth" name="test_login_bad_password" time="0.457" /><testcase classname="tests.backend_test.TestLeads" name="test_list_leads_seeded" time="3.140" /><testcase classname="tests.backend_test.TestAuth" name="test_me_requires_auth" time="0.273" /><testcase classname="tests.backend_test.TestLeads" name="test_filter_by_category" time="0.066" /><testcase classname="tests.backend_test.TestLeads" name="test_filter_by_pipeline_status" time="0.070" /><testcase classname="tests.backend_test.TestLeads" name="test_filter_by_conversion" time="0.089" /><testcase classname="tests.backend_test.TestLeads" name="test_lead_finder_returns_mock" time="0.084" /><testcase classname="tests.backend_test.TestLeads" name="test_import_found_leads" time="0.434" /><testcase classname="tests.backend_test.TestAuth" name="test_me_authed" time="0.399" /><testcase classname="tests.backend_test.TestLeads" name="test_create_get_update_delete_lead" time="0.809" /><testcase classname="tests.backend_test.TestAI" name="test_research_claude" time="28.157" /><testcase classname="tests.backend_test.TestMeta" name="test_team" time="0.108" /><testcase classname="tests.backend_test.TestMeta" name="test_analytics" time="0.106" /><testcase classname="tests.backend_test.TestMeta" name="test_integrations" time="0.088" /><testcase classname="tests.backend_test.TestMeta" name="test_search" time="0.077" /><testcase classname="tests.backend_test.TestCampaigns" name="test_list_with_stats" time="0.095" /><testcase classname="tests.backend_test.TestCampaigns" name="test_create_get_detail_add_remove" time="0.531" /><testcase classname="tests.backend_test.TestCSV" name="test_export_csv" time="0.073"><failure message="AssertionError: {&quot;detail&quot;:&quot;Lead not found&quot;}&#10;assert 404 == 200&#10; +  where 404 = &lt;Response [404]&gt;.status_code">tests/backend_test.py:354: in test_export_csv
    assert r.status_code == 200, r.text[:200]
E   AssertionError: {"detail":"Lead not found"}
E   assert 404 == 200
E    +  where 404 = &lt;Response [404]&gt;.status_code</failure></testcase><testcase classname="tests.backend_test.TestCSV" name="test_import_csv" time="0.163"><failure message="assert 0 &gt;= 1">tests/backend_test.py:368: in test_import_csv
    assert r.json()["inserted"] &gt;= 1
E   assert 0 &gt;= 1</failure></testcase><testcase classname="tests.backend_test.TestDashboard" name="test_dashboard_shape" time="0.099" /><testcase classname="tests.backend_test.TestClients" name="test_crud" time="0.283" /><testcase classname="tests.backend_test.TestProjects" name="test_list_and_detail" time="0.153" /><testcase classname="tests.backend_test.TestTasks" name="test_crud" time="0.292" /><testcase classname="tests.backend_test" name="test_zzz_cleanup" time="0.533" /><testcase classname="tests.backend_test.TestAI" name="test_outreach_whatsapp" time="4.674" /><testcase classname="tests.backend_test.TestAI" name="test_outreach_email" time="5.696" /><testcase classname="tests.backend_test.TestAI" name="test_outreach_linkedin" time="4.812" /></testsuite></testsuites>